<?xml version="1.0" encoding="UTF-8"?>
<!-- Generated by org.testng.reporters.JUnitXMLReporter -->
<testsuite hostname="DESKTOP-O4IR3OC" name="Default test" tests="1" failures="1" timestamp="25 Jul 2022 16:49:18 GMT" time="17.121" errors="0">
  <testcase name="verifyflight" time="0.794" classname="test.flipkarttest">
    <failure type="java.lang.AssertionError" message="failed expected [Flight] but found [Flights]">
      <![CDATA[java.lang.AssertionError: failed expected [Flight] but found [Flights]
	at test.flipkarttest.verifyflight(flipkarttest.java:58)
... Removed 29 stack frames]]>
    </failure>
  </testcase> <!-- verifyflight -->
</testsuite> <!-- Default test -->
